<?xml version="1.0"?>
<testsuites>
  <testsuite tests="1" failures="0" errors="0" name="ajax » Login">
    <testcase name="#1 ajax » Login"/>
  </testsuite>
  <testsuite tests="1" failures="0" errors="0" name="authorization » Is Authorized">
    <testcase name="#2 authorization » Is Authorized"/>
  </testsuite>
  <testsuite tests="1" failures="0" errors="0" name="authorization » Is Not Authorized">
    <testcase name="#3 authorization » Is Not Authorized"/>
  </testsuite>
  <testsuite tests="1" failures="0" errors="0" name="ajax » Initialize">
    <testcase name="#4 ajax » Initialize"/>
  </testsuite>
  <testsuite tests="1" failures="0" errors="0" name="authorization » Invoke Authorization">
    <testcase name="#5 authorization » Invoke Authorization"/>
  </testsuite>
  <testsuite tests="1" failures="0" errors="0" name="ajax » Flow Out">
    <testcase name="#6 ajax » Flow Out"/>
  </testsuite>
  <testsuite tests="1" failures="0" errors="0" name="ajax » Join">
    <testcase name="#7 ajax » Join"/>
  </testsuite>
  <testsuite tests="1" failures="0" errors="0" name="ajax » Invoke">
    <testcase name="#8 ajax » Invoke"/>
  </testsuite>
  <testsuite tests="1" failures="0" errors="0" name="authorization » Invoke Authorization OAuth2">
    <testcase name="#9 authorization » Invoke Authorization OAuth2"/>
  </testsuite>
  <testsuite tests="1" failures="0" errors="0" name="authorization » Invoke Authorization SAML">
    <testcase name="#10 authorization » Invoke Authorization SAML"/>
  </testsuite>
  <testsuite tests="1" failures="0" errors="0" name="ajax » Get Navigation">
    <testcase name="#11 ajax » Get Navigation"/>
  </testsuite>
  <testsuite tests="1" failures="0" errors="0" name="ajax » Get Flow By Name">
    <testcase name="#12 ajax » Get Flow By Name"/>
  </testsuite>
  <testsuite tests="1" failures="0" errors="0" name="ajax » ObjectData Request">
    <testcase name="#13 ajax » ObjectData Request"/>
  </testsuite>
  <testsuite tests="1" failures="0" errors="0" name="authorization » Authorize By Session">
    <testcase name="#14 authorization » Authorize By Session"/>
  </testsuite>
  <testsuite tests="1" failures="0" errors="0" name="ajax » FileData Request">
    <testcase name="#15 ajax » FileData Request"/>
  </testsuite>
  <testsuite tests="1" failures="0" errors="0" name="ajax » Session Authentication">
    <testcase name="#16 ajax » Session Authentication"/>
  </testsuite>
  <testsuite tests="1" failures="0" errors="0" name="ajax » Ping">
    <testcase name="#17 ajax » Ping"/>
  </testsuite>
  <testsuite tests="1" failures="0" errors="0" name="component » Handle Event">
    <testcase name="#18 component » Handle Event"/>
  </testsuite>
  <testsuite tests="1" failures="0" errors="0" name="ajax » Get Execution Log">
    <testcase name="#19 ajax » Get Execution Log"/>
  </testsuite>
  <testsuite tests="1" failures="0" errors="0" name="component » On Outcome 1">
    <testcase name="#20 component » On Outcome 1"/>
  </testsuite>
  <testsuite tests="1" failures="0" errors="0" name="ajax » Get Social Me">
    <testcase name="#21 ajax » Get Social Me"/>
  </testsuite>
  <testsuite tests="1" failures="0" errors="0" name="component » On Outcome 2">
    <testcase name="#22 component » On Outcome 2"/>
  </testsuite>
  <testsuite tests="1" failures="0" errors="0" name="ajax » Get Social Followers">
    <testcase name="#23 ajax » Get Social Followers"/>
  </testsuite>
  <testsuite tests="1" failures="0" errors="0" name="component » Register">
    <testcase name="#24 component » Register"/>
  </testsuite>
  <testsuite tests="1" failures="0" errors="0" name="ajax » Get Social Messages">
    <testcase name="#25 ajax » Get Social Messages"/>
  </testsuite>
  <testsuite tests="1" failures="0" errors="0" name="component » Register Items">
    <testcase name="#26 component » Register Items"/>
  </testsuite>
  <testsuite tests="1" failures="0" errors="0" name="ajax » Send Social Message">
    <testcase name="#27 ajax » Send Social Message"/>
  </testsuite>
  <testsuite tests="1" failures="0" errors="0" name="component » Register Alias">
    <testcase name="#28 component » Register Alias"/>
  </testsuite>
  <testsuite tests="1" failures="0" errors="0" name="ajax » Follow">
    <testcase name="#29 ajax » Follow"/>
  </testsuite>
  <testsuite tests="1" failures="0" errors="0" name="component » Register Container">
    <testcase name="#30 component » Register Container"/>
  </testsuite>
  <testsuite tests="1" failures="0" errors="0" name="ajax » Get Social Users">
    <testcase name="#31 ajax » Get Social Users"/>
  </testsuite>
  <testsuite tests="1" failures="0" errors="0" name="component » Get 1">
    <testcase name="#32 component » Get 1"/>
  </testsuite>
  <testsuite tests="1" failures="0" errors="0" name="component » Get 2">
    <testcase name="#33 component » Get 2"/>
  </testsuite>
  <testsuite tests="1" failures="0" errors="0" name="component » Get Child Components">
    <testcase name="#34 component » Get Child Components"/>
  </testsuite>
  <testsuite tests="1" failures="0" errors="0" name="component » Get Outcomes">
    <testcase name="#35 component » Get Outcomes"/>
  </testsuite>
  <testsuite tests="1" failures="0" errors="0" name="component » Get Selected Rows 1">
    <testcase name="#36 component » Get Selected Rows 1"/>
  </testsuite>
  <testsuite tests="1" failures="0" errors="0" name="component » Get Selected Rows 1">
    <testcase name="#37 component » Get Selected Rows 1"/>
  </testsuite>
  <testsuite tests="1" failures="0" errors="0" name="component » Get Selected Rows 2">
    <testcase name="#38 component » Get Selected Rows 2"/>
  </testsuite>
  <testsuite tests="1" failures="0" errors="0" name="component » Get Display Columns 1">
    <testcase name="#39 component » Get Display Columns 1"/>
  </testsuite>
  <testsuite tests="1" failures="0" errors="0" name="component » Get Display Columns 2">
    <testcase name="#40 component » Get Display Columns 2"/>
  </testsuite>
  <testsuite tests="1" failures="0" errors="0" name="component » Get Display Columns 3">
    <testcase name="#41 component » Get Display Columns 3"/>
  </testsuite>
  <testsuite tests="1" failures="0" errors="0" name="component » Get Display Columns 4">
    <testcase name="#42 component » Get Display Columns 4"/>
  </testsuite>
  <testsuite tests="1" failures="0" errors="0" name="component » Append Flow Container">
    <testcase name="#43 component » Append Flow Container"/>
  </testsuite>
  <testsuite tests="1" failures="0" errors="0" name="component » Focus Input">
    <testcase name="#44 component » Focus Input"/>
  </testsuite>
  <testsuite tests="1" failures="0" errors="0" name="component » Scroll To Top">
    <testcase name="#45 component » Scroll To Top"/>
  </testsuite>
  <testsuite tests="1" failures="0" errors="0" name="component » On Outcome 3">
    <testcase name="#46 component » On Outcome 3"/>
  </testsuite>
  <testsuite tests="1" failures="0" errors="0" name="callbacks » Register">
    <testcase name="#47 callbacks » Register"/>
  </testsuite>
  <testsuite tests="1" failures="0" errors="0" name="component » On Outcome 3">
    <testcase name="#48 component » On Outcome 3"/>
  </testsuite>
  <testsuite tests="1" failures="0" errors="0" name="callbacks » Remove">
    <testcase name="#49 callbacks » Remove"/>
  </testsuite>
  <testsuite tests="1" failures="0" errors="0" name="callbacks » Execute">
    <testcase name="#50 callbacks » Execute"/>
  </testsuite>
  <testsuite tests="1" failures="0" errors="0" name="callbacks » Execute filter by name">
    <testcase name="#51 callbacks » Execute filter by name"/>
  </testsuite>
  <testsuite tests="1" failures="0" errors="0" name="callbacks » Execute filter by type">
    <testcase name="#52 callbacks » Execute filter by type"/>
  </testsuite>
  <testsuite tests="1" failures="0" errors="0" name="callbacks » Execute filter by map element">
    <testcase name="#53 callbacks » Execute filter by map element"/>
  </testsuite>
  <testsuite tests="1" failures="0" errors="0" name="callbacks » Execute no args">
    <testcase name="#54 callbacks » Execute no args"/>
  </testsuite>
  <testsuite tests="1" failures="0" errors="0" name="ajax » Upload File">
    <testcase name="#55 ajax » Upload File"/>
  </testsuite>
  <testsuite tests="1" failures="0" errors="0" name="ajax » Upload Social File">
    <testcase name="#56 ajax » Upload Social File"/>
  </testsuite>
  <testsuite tests="1" failures="0" errors="0" name="validation » Validate String">
    <testcase name="#57 validation » Validate String"/>
  </testsuite>
  <testsuite tests="1" failures="0" errors="0" name="validation » Validate String, required">
    <testcase name="#58 validation » Validate String, required"/>
  </testsuite>
  <testsuite tests="1" failures="0" errors="0" name="validation » Validate String, regex valid">
    <testcase name="#59 validation » Validate String, regex valid"/>
  </testsuite>
  <testsuite tests="1" failures="0" errors="0" name="validation » Validate String, regex invalid">
    <testcase name="#60 validation » Validate String, regex invalid"/>
  </testsuite>
  <testsuite tests="1" failures="0" errors="0" name="validation » Validate Boolean">
    <testcase name="#61 validation » Validate Boolean"/>
  </testsuite>
  <testsuite tests="1" failures="0" errors="0" name="validation » Validate Boolean, required">
    <testcase name="#62 validation » Validate Boolean, required"/>
  </testsuite>
  <testsuite tests="1" failures="0" errors="0" name="validation » Validate Number">
    <testcase name="#63 validation » Validate Number"/>
  </testsuite>
  <testsuite tests="1" failures="0" errors="0" name="validation » Validate Number, required">
    <testcase name="#64 validation » Validate Number, required"/>
  </testsuite>
  <testsuite tests="1" failures="0" errors="0" name="validation » Validate Number, required and not defined">
    <testcase name="#65 validation » Validate Number, required and not defined"/>
  </testsuite>
  <testsuite tests="1" failures="0" errors="0" name="validation » Validate Number, NaN">
    <testcase name="#66 validation » Validate Number, NaN"/>
  </testsuite>
  <testsuite tests="1" failures="0" errors="0" name="validation » Validate Number, regex valid">
    <testcase name="#67 validation » Validate Number, regex valid"/>
  </testsuite>
  <testsuite tests="1" failures="0" errors="0" name="validation » Validate Number, regex invalid">
    <testcase name="#68 validation » Validate Number, regex invalid"/>
  </testsuite>
  <testsuite tests="1" failures="0" errors="0" name="validation » Validate Object">
    <testcase name="#69 validation » Validate Object"/>
  </testsuite>
  <testsuite tests="1" failures="0" errors="0" name="validation » Validate Object, required">
    <testcase name="#70 validation » Validate Object, required"/>
  </testsuite>
  <testsuite tests="1" failures="0" errors="0" name="validation » Validate List">
    <testcase name="#71 validation » Validate List"/>
  </testsuite>
  <testsuite tests="1" failures="0" errors="0" name="validation » Validate List, required">
    <testcase name="#72 validation » Validate List, required"/>
  </testsuite>
  <testsuite tests="1" failures="0" errors="0" name="validation » Validation Disabled">
    <testcase name="#73 validation » Validation Disabled"/>
  </testsuite>
  <testsuite tests="1" failures="0" errors="0" name="validation » Invalid Model">
    <testcase name="#74 validation » Invalid Model"/>
  </testsuite>
  <testsuite tests="1" failures="0" errors="0" name="validation » Validate State String">
    <testcase name="#75 validation » Validate State String"/>
  </testsuite>
  <testsuite tests="1" failures="0" errors="0" name="validation » Validate State String with attributes">
    <testcase name="#76 validation » Validate State String with attributes"/>
  </testsuite>
  <testsuite tests="1" failures="0" errors="0" name="validation » Validate State Number">
    <testcase name="#77 validation » Validate State Number"/>
  </testsuite>
  <testsuite tests="1" failures="0" errors="0" name="validation » Validate State Boolean (true)">
    <testcase name="#78 validation » Validate State Boolean (true)"/>
  </testsuite>
  <testsuite tests="1" failures="0" errors="0" name="validation » Validate State Boolean (false)">
    <testcase name="#79 validation » Validate State Boolean (false)"/>
  </testsuite>
  <testsuite tests="1" failures="0" errors="0" name="validation » Validate State Object">
    <testcase name="#80 validation » Validate State Object"/>
  </testsuite>
  <testsuite tests="1" failures="0" errors="0" name="validation » Validate State List">
    <testcase name="#81 validation » Validate State List"/>
  </testsuite>
  <testsuite tests="1" failures="0" errors="0" name="utils » Get Number">
    <testcase name="#82 utils » Get Number"/>
  </testsuite>
  <testsuite tests="1" failures="0" errors="0" name="utils » Get Number NaN">
    <testcase name="#83 utils » Get Number NaN"/>
  </testsuite>
  <testsuite tests="1" failures="0" errors="0" name="utils » Parse Query String">
    <testcase name="#84 utils » Parse Query String"/>
  </testsuite>
  <testsuite tests="1" failures="0" errors="0" name="utils » Is Placeholder Objectdata">
    <testcase name="#85 utils » Is Placeholder Objectdata"/>
  </testsuite>
  <testsuite tests="1" failures="0" errors="0" name="utils » Is Not Placeholder Objectdata 1">
    <testcase name="#86 utils » Is Not Placeholder Objectdata 1"/>
  </testsuite>
  <testsuite tests="1" failures="0" errors="0" name="utils » Is Not Placeholder Objectdata 1">
    <testcase name="#87 utils » Is Not Placeholder Objectdata 1"/>
  </testsuite>
  <testsuite tests="1" failures="0" errors="0" name="utils » Is Empty Objectdata 1">
    <testcase name="#88 utils » Is Empty Objectdata 1"/>
  </testsuite>
  <testsuite tests="1" failures="0" errors="0" name="utils » Is Empty Objectdata 2">
    <testcase name="#89 utils » Is Empty Objectdata 2"/>
  </testsuite>
  <testsuite tests="1" failures="0" errors="0" name="utils » Is Empty Objectdata 3">
    <testcase name="#90 utils » Is Empty Objectdata 3"/>
  </testsuite>
  <testsuite tests="1" failures="0" errors="0" name="utils » Get ObjectData Property">
    <testcase name="#91 utils » Get ObjectData Property"/>
  </testsuite>
  <testsuite tests="1" failures="0" errors="0" name="utils » Set ObjectData Property">
    <testcase name="#92 utils » Set ObjectData Property"/>
  </testsuite>
  <testsuite tests="1" failures="0" errors="0" name="tours » Start 2">
    <testcase name="#93 tours » Start 2"/>
  </testsuite>
  <testsuite tests="1" failures="0" errors="0" name="tours » Start 3">
    <testcase name="#94 tours » Start 3"/>
  </testsuite>
  <testsuite tests="1" failures="0" errors="0" name="tours » Start 4">
    <testcase name="#95 tours » Start 4"/>
  </testsuite>
  <testsuite tests="1" failures="0" errors="0" name="tours » Next 2">
    <testcase name="#96 tours » Next 2"/>
  </testsuite>
  <testsuite tests="1" failures="0" errors="0" name="tours » Next 3">
    <testcase name="#97 tours » Next 3"/>
  </testsuite>
  <testsuite tests="1" failures="0" errors="0" name="tours » Previous 2">
    <testcase name="#98 tours » Previous 2"/>
  </testsuite>
  <testsuite tests="1" failures="0" errors="0" name="tours » Render">
    <testcase name="#99 tours » Render"/>
  </testsuite>
  <testsuite tests="1" failures="0" errors="0" name="tours » Move 1">
    <testcase name="#100 tours » Move 1"/>
  </testsuite>
  <testsuite tests="1" failures="0" errors="0" name="tours » Move 2">
    <testcase name="#101 tours » Move 2"/>
  </testsuite>
  <testsuite tests="1" failures="0" errors="0" name="tours » Move 3">
    <testcase name="#102 tours » Move 3"/>
  </testsuite>
  <testsuite tests="1" failures="0" errors="0" name="tours » Refresh 1">
    <testcase name="#103 tours » Refresh 1"/>
  </testsuite>
  <testsuite tests="1" failures="0" errors="0" name="tours » Refresh 2">
    <testcase name="#104 tours » Refresh 2"/>
  </testsuite>
  <testsuite tests="1" failures="0" errors="0" name="tours » Refresh 3">
    <testcase name="#105 tours » Refresh 3"/>
  </testsuite>
  <testsuite tests="1" failures="0" errors="0" name="tours » Refresh 4">
    <testcase name="#106 tours » Refresh 4"/>
  </testsuite>
  <testsuite tests="1" failures="0" errors="0" name="utils » Is Small Screen">
    <testcase name="#107 utils » Is Small Screen"/>
  </testsuite>
  <testsuite tests="1" failures="0" errors="0" name="utils » Is Embedded">
    <testcase name="#108 utils » Is Embedded"/>
  </testsuite>
  <testsuite tests="1" failures="0" errors="0" name="utils » Convert To Array">
    <testcase name="#109 utils » Convert To Array"/>
  </testsuite>
  <testsuite tests="1" failures="0" errors="0" name="utils » Is Equal 1">
    <testcase name="#110 utils » Is Equal 1"/>
  </testsuite>
  <testsuite tests="1" failures="0" errors="0" name="utils » Is Equal 2">
    <testcase name="#111 utils » Is Equal 2"/>
  </testsuite>
  <testsuite tests="1" failures="0" errors="0" name="utils » Get">
    <testcase name="#112 utils » Get"/>
  </testsuite>
  <testsuite tests="1" failures="0" errors="0" name="utils » Get All">
    <testcase name="#113 utils » Get All"/>
  </testsuite>
  <testsuite tests="1" failures="0" errors="0" name="utils » Contains">
    <testcase name="#114 utils » Contains"/>
  </testsuite>
  <testsuite tests="1" failures="0" errors="0" name="utils » Remove Loading Indicator">
    <testcase name="#115 utils » Remove Loading Indicator"/>
  </testsuite>
  <testsuite tests="1" failures="0" errors="0" name="utils » Extend">
    <testcase name="#116 utils » Extend"/>
  </testsuite>
  <testsuite tests="1" failures="0" errors="0" name="utils » Guid">
    <testcase name="#117 utils » Guid"/>
  </testsuite>
  <testsuite tests="1" failures="0" errors="0" name="utils » Remove Flow From DOM">
    <testcase name="#118 utils » Remove Flow From DOM"/>
  </testsuite>
  <testsuite tests="1" failures="0" errors="0" name="utils » Extend Objectdata">
    <testcase name="#119 utils » Extend Objectdata"/>
  </testsuite>
  <testsuite tests="1" failures="0" errors="0" name="utils » Debounce">
    <testcase name="#120 utils » Debounce"/>
  </testsuite>
  <testsuite tests="1" failures="0" errors="0" name="tours » Start 1">
    <testcase name="#121 tours » Start 1"/>
  </testsuite>
  <testsuite tests="1" failures="0" errors="0" name="state » Input Responses">
    <testcase name="#122 state » Input Responses"/>
  </testsuite>
  <testsuite tests="1" failures="0" errors="0" name="state » Set Component Loading">
    <testcase name="#123 state » Set Component Loading"/>
  </testsuite>
  <testsuite tests="1" failures="0" errors="0" name="state » Set Component Error String">
    <testcase name="#124 state » Set Component Error String"/>
  </testsuite>
  <testsuite tests="1" failures="0" errors="0" name="state » Set Component Error Object">
    <testcase name="#125 state » Set Component Error Object"/>
  </testsuite>
  <testsuite tests="1" failures="0" errors="0" name="state » Set Component Error Remove">
    <testcase name="#126 state » Set Component Error Remove"/>
  </testsuite>
  <testsuite tests="1" failures="0" errors="0" name="state » Set Session Data">
    <testcase name="#127 state » Set Session Data"/>
  </testsuite>
  <testsuite tests="1" failures="0" errors="0" name="state » Set Login">
    <testcase name="#128 state » Set Login"/>
  </testsuite>
  <testsuite tests="1" failures="0" errors="0" name="state » Set Options">
    <testcase name="#129 state » Set Options"/>
  </testsuite>
  <testsuite tests="1" failures="0" errors="0" name="state » Set State">
    <testcase name="#130 state » Set State"/>
  </testsuite>
  <testsuite tests="1" failures="0" errors="0" name="state » Set User Time">
    <testcase name="#131 state » Set User Time"/>
  </testsuite>
  <testsuite tests="1" failures="0" errors="0" name="state » Set User Time With Offset">
    <testcase name="#132 state » Set User Time With Offset"/>
  </testsuite>
  <testsuite tests="1" failures="0" errors="0" name="state » Set Location">
    <testcase name="#133 state » Set Location"/>
  </testsuite>
  <testsuite tests="1" failures="0" errors="0" name="state » Refresh Components">
    <testcase name="#134 state » Refresh Components"/>
  </testsuite>
  <testsuite tests="1" failures="0" errors="0" name="state » Set Component">
    <testcase name="#135 state » Set Component"/>
  </testsuite>
  <testsuite tests="1" failures="0" errors="0" name="state » Validation">
    <testcase name="#136 state » Validation"/>
  </testsuite>
  <testsuite tests="1" failures="0" errors="0" name="tours » Next 1">
    <testcase name="#137 tours » Next 1"/>
  </testsuite>
  <testsuite tests="1" failures="0" errors="0" name="tours » Previous 1">
    <testcase name="#138 tours » Previous 1"/>
  </testsuite>
  <testsuite tests="1" failures="0" errors="0" name="settings » Global">
    <testcase name="#139 settings » Global"/>
  </testsuite>
  <testsuite tests="1" failures="0" errors="0" name="settings » Global with Flow override">
    <testcase name="#140 settings » Global with Flow override"/>
  </testsuite>
  <testsuite tests="1" failures="0" errors="0" name="settings » Global with Default override">
    <testcase name="#141 settings » Global with Default override"/>
  </testsuite>
  <testsuite tests="1" failures="0" errors="0" name="settings » Flow">
    <testcase name="#142 settings » Flow"/>
  </testsuite>
  <testsuite tests="1" failures="0" errors="0" name="settings » Flow All">
    <testcase name="#143 settings » Flow All"/>
  </testsuite>
  <testsuite tests="1" failures="0" errors="0" name="settings » Event">
    <testcase name="#144 settings » Event"/>
  </testsuite>
  <testsuite tests="1" failures="0" errors="0" name="settings » Theme">
    <testcase name="#145 settings » Theme"/>
  </testsuite>
  <testsuite tests="1" failures="0" errors="0" name="settings » Is Debug Enabled, True">
    <testcase name="#146 settings » Is Debug Enabled, True"/>
  </testsuite>
  <testsuite tests="1" failures="0" errors="0" name="settings » Is Debug Enabled, False">
    <testcase name="#147 settings » Is Debug Enabled, False"/>
  </testsuite>
  <testsuite tests="1" failures="0" errors="0" name="settings » Remove">
    <testcase name="#148 settings » Remove"/>
  </testsuite>
  <testsuite tests="1" failures="0" errors="0" name="model » Parse Response">
    <testcase name="#149 model » Parse Response"/>
  </testsuite>
  <testsuite tests="1" failures="0" errors="0" name="model » Notifications">
    <testcase name="#150 model » Notifications"/>
  </testsuite>
  <testsuite tests="1" failures="0" errors="0" name="model » Parse Navigation Response">
    <testcase name="#151 model » Parse Navigation Response"/>
  </testsuite>
  <testsuite tests="1" failures="0" errors="0" name="model » Selected Navigation">
    <testcase name="#152 model » Selected Navigation"/>
  </testsuite>
  <testsuite tests="1" failures="0" errors="0" name="model » Is Container">
    <testcase name="#153 model » Is Container"/>
  </testsuite>
  <testsuite tests="1" failures="0" errors="0" name="model » Attributes">
    <testcase name="#154 model » Attributes"/>
  </testsuite>
  <testsuite tests="1" failures="0" errors="0" name="model » Modal">
    <testcase name="#155 model » Modal"/>
  </testsuite>
  <testsuite tests="1" failures="0" errors="0" name="model » Execution Log">
    <testcase name="#156 model » Execution Log"/>
  </testsuite>
  <testsuite tests="1" failures="0" errors="0" name="model » Set Components">
    <testcase name="#157 model » Set Components"/>
  </testsuite>
  <testsuite tests="1" failures="0" errors="0" name="model » Set History">
    <testcase name="#158 model » Set History"/>
  </testsuite>
  <testsuite tests="1" failures="0" errors="0" name="model » Pop History">
    <testcase name="#159 model » Pop History"/>
  </testsuite>
  <testsuite tests="1" failures="0" errors="0" name="model » Set History Selected Outcome">
    <testcase name="#160 model » Set History Selected Outcome"/>
  </testsuite>
  <testsuite tests="1" failures="0" errors="0" name="json » Flow Inputs (object)">
    <testcase name="#161 json » Flow Inputs (object)"/>
  </testsuite>
  <testsuite tests="1" failures="0" errors="0" name="json » Flow Inputs">
    <testcase name="#162 json » Flow Inputs"/>
  </testsuite>
  <testsuite tests="1" failures="0" errors="0" name="json » Intialization Request">
    <testcase name="#163 json » Intialization Request"/>
  </testsuite>
  <testsuite tests="1" failures="0" errors="0" name="json » Intialization Request, optional">
    <testcase name="#164 json » Intialization Request, optional"/>
  </testsuite>
  <testsuite tests="1" failures="0" errors="0" name="json » Invoke Request">
    <testcase name="#165 json » Invoke Request"/>
  </testsuite>
  <testsuite tests="1" failures="0" errors="0" name="json » Invoke Request, optional">
    <testcase name="#166 json » Invoke Request, optional"/>
  </testsuite>
  <testsuite tests="1" failures="0" errors="0" name="json » Navigate Request">
    <testcase name="#167 json » Navigate Request"/>
  </testsuite>
  <testsuite tests="1" failures="0" errors="0" name="json » Navigate Request, optional">
    <testcase name="#168 json » Navigate Request, optional"/>
  </testsuite>
  <testsuite tests="1" failures="0" errors="0" name="json » Session Request">
    <testcase name="#169 json » Session Request"/>
  </testsuite>
  <testsuite tests="1" failures="0" errors="0" name="json » Session Request, optional">
    <testcase name="#170 json » Session Request, optional"/>
  </testsuite>
  <testsuite tests="1" failures="0" errors="0" name="formatting » Initialize">
    <testcase name="#171 formatting » Initialize"/>
  </testsuite>
  <testsuite tests="1" failures="0" errors="0" name="formatting » Disabled">
    <testcase name="#172 formatting » Disabled"/>
  </testsuite>
  <testsuite tests="1" failures="0" errors="0" name="formatting » Unsupported ContentType">
    <testcase name="#173 formatting » Unsupported ContentType"/>
  </testsuite>
  <testsuite tests="1" failures="0" errors="0" name="formatting » Moment Format, Empty">
    <testcase name="#174 formatting » Moment Format, Empty"/>
  </testsuite>
  <testsuite tests="1" failures="0" errors="0" name="formatting » Moment Format">
    <testcase name="#175 formatting » Moment Format"/>
  </testsuite>
  <testsuite tests="1" failures="0" errors="0" name="formatting » DateTime Disabled">
    <testcase name="#176 formatting » DateTime Disabled"/>
  </testsuite>
  <testsuite tests="1" failures="0" errors="0" name="formatting » DateTime">
    <testcase name="#177 formatting » DateTime"/>
  </testsuite>
  <testsuite tests="1" failures="0" errors="0" name="formatting » DateTime Year">
    <testcase name="#178 formatting » DateTime Year"/>
  </testsuite>
  <testsuite tests="1" failures="0" errors="0" name="formatting » Override Timezone Offset">
    <testcase name="#179 formatting » Override Timezone Offset"/>
  </testsuite>
  <testsuite tests="1" failures="0" errors="0" name="formatting » DateTime Invalid">
    <testcase name="#180 formatting » DateTime Invalid"/>
  </testsuite>
  <testsuite tests="1" failures="0" errors="0" name="formatting » Timezone Offset">
    <testcase name="#181 formatting » Timezone Offset"/>
  </testsuite>
  <testsuite tests="1" failures="0" errors="0" name="formatting » Number">
    <testcase name="#182 formatting » Number"/>
  </testsuite>
  <testsuite tests="1" failures="0" errors="0" name="formatting » Number Percentage">
    <testcase name="#183 formatting » Number Percentage"/>
  </testsuite>
  <testsuite tests="1" failures="0" errors="0" name="formatting » Number Decimal">
    <testcase name="#184 formatting » Number Decimal"/>
  </testsuite>
  <testsuite tests="1" failures="0" errors="0" name="formatting » Number Empty String">
    <testcase name="#185 formatting » Number Empty String"/>
  </testsuite>
  <testsuite tests="1" failures="0" errors="0" name="formatting » Number Currency">
    <testcase name="#186 formatting » Number Currency"/>
  </testsuite>
  <testsuite tests="1" failures="0" errors="0" name="formatting » Number Exponent">
    <testcase name="#187 formatting » Number Exponent"/>
  </testsuite>
  <testsuite tests="1" failures="0" errors="0" name="formatting » Number Unformatted">
    <testcase name="#188 formatting » Number Unformatted"/>
  </testsuite>
  <testsuite tests="1" failures="1" errors="0" name="engine » Initialize">
    <testcase name="#189 engine » Initialize">
      <failure>
          ---
            name: AssertionError
            message: Error thrown in test
            values: {"Error thrown in test:":"TypeError {\n  message: 'window.numbro.culture is not a function',\n}"}
            at: Object.exports.initialize (dist_test/js/services/engine.js:1:81209)
          ...
      </failure>
    </testcase>
  </testsuite>
  <testsuite tests="1" failures="1" errors="0" name="engine » Initialize Failed">
    <testcase name="#190 engine » Initialize Failed">
      <failure>
          ---
            name: AssertionError
            message: Error thrown in test
            values: {"Error thrown in test:":"TypeError {\n  message: 'window.numbro.culture is not a function',\n}"}
            at: Object.exports.initialize (dist_test/js/services/engine.js:1:81209)
          ...
      </failure>
    </testcase>
  </testsuite>
  <testsuite tests="1" failures="0" errors="0" name="engine » Join">
    <testcase name="#191 engine » Join"/>
  </testsuite>
  <testsuite tests="1" failures="1" errors="0" name="engine » Render">
    <testcase name="#192 engine » Render">
      <failure>
          ---
            name: AssertionError
            message: Error thrown in test
            values: {"Error thrown in test:":"TypeError {\n  message: 'window.ReactDOM.render is not a function',\n}"}
            at: Object.exports.render.flowKey [as render] (dist_test/js/services/engine.js:1:94339)
          ...
      </failure>
    </testcase>
  </testsuite>
  <testsuite tests="1" failures="1" errors="0" name="engine » Render Login">
    <testcase name="#193 engine » Render Login">
      <failure>
          ---
            name: AssertionError
            message: Error thrown in test
            values: {"Error thrown in test:":"TypeError {\n  message: 'Engine.render.restore is not a function',\n}"}
            at: Test.ava_1.default.serial.t [as fn] (dist_test/test/engine.js:1:109870)
          ...
      </failure>
    </testcase>
  </testsuite>
  <testsuite tests="1" failures="0" errors="0" name="engine » Ping">
    <testcase name="#194 engine » Ping"/>
  </testsuite>
  <testsuite tests="1" failures="1" errors="0" name="engine » afterEach for Ping">
    <testcase name="#195 engine » afterEach for Ping">
      <failure>
          ---
            name: AssertionError
            message: Error thrown in test
            values: {"Error thrown in test:":"TypeError {\n  message: 'Engine.render.resetHistory is not a function',\n}"}
            at: Test.ava_1.default.afterEach.t [as fn] (dist_test/test/engine.js:1:46053)
          ...
      </failure>
    </testcase>
  </testsuite>
  <testsuite tests="1" failures="0" errors="0" name="engine » Parse Response">
    <testcase name="#196 engine » Parse Response"/>
  </testsuite>
  <testsuite tests="1" failures="1" errors="0" name="engine » afterEach for Parse Response">
    <testcase name="#197 engine » afterEach for Parse Response">
      <failure>
          ---
            name: AssertionError
            message: Error thrown in test
            values: {"Error thrown in test:":"TypeError {\n  message: 'Engine.render.resetHistory is not a function',\n}"}
            at: Test.ava_1.default.afterEach.t [as fn] (dist_test/test/engine.js:1:46053)
          ...
      </failure>
    </testcase>
  </testsuite>
  <testsuite tests="1" failures="1" errors="0" name="engine » Toggle Debug">
    <testcase name="#198 engine » Toggle Debug">
      <failure>
          ---
            name: AssertionError
            message: Error thrown in test
            values: {"Error thrown in test:":"TypeError {\n  message: 'window.ReactDOM.render is not a function',\n}"}
            at: Object.exports.render.flowKey [as render] (dist_test/js/services/engine.js:1:94339)
          ...
      </failure>
    </testcase>
  </testsuite>
  <testsuite tests="1" failures="1" errors="0" name="engine » FileDataRequest Success">
    <testcase name="#199 engine » FileDataRequest Success">
      <failure>
          ---
            name: AssertionError
            message: Error thrown in test
            values: {"Error thrown in test:":"TypeError {\n  message: 'window.ReactDOM.render is not a function',\n}"}
            at: Object.exports.render.flowKey [as render] (dist_test/js/services/engine.js:1:94339)
          ...
      </failure>
    </testcase>
  </testsuite>
  <testsuite tests="1" failures="1" errors="0" name="engine » FileDataRequest Fail">
    <testcase name="#200 engine » FileDataRequest Fail">
      <failure>
          ---
            name: AssertionError
            message: Improper usage of `t.throws()` detected
            assertion: throws
            values: {"The following error was thrown, possibly before `t.throws()` could be called:":"TypeError {\n  message: 'window.ReactDOM.render is not a function',\n}"}
            at: Object.exports.render.flowKey [as render] (dist_test/js/services/engine.js:1:94339)
          ...
      </failure>
    </testcase>
  </testsuite>
  <testsuite tests="1" failures="1" errors="0" name="engine » ObjectDataRequest Success">
    <testcase name="#201 engine » ObjectDataRequest Success">
      <failure>
          ---
            name: AssertionError
            message: Error thrown in test
            values: {"Error thrown in test:":"TypeError {\n  message: 'window.ReactDOM.render is not a function',\n}"}
            at: Object.exports.render.flowKey [as render] (dist_test/js/services/engine.js:1:94339)
          ...
      </failure>
    </testcase>
  </testsuite>
  <testsuite tests="1" failures="1" errors="0" name="engine » ObjectDataRequest Fail">
    <testcase name="#202 engine » ObjectDataRequest Fail">
      <failure>
          ---
            name: AssertionError
            message: Improper usage of `t.throws()` detected
            assertion: throws
            values: {"The following error was thrown, possibly before `t.throws()` could be called:":"TypeError {\n  message: 'window.ReactDOM.render is not a function',\n}"}
            at: Object.exports.render.flowKey [as render] (dist_test/js/services/engine.js:1:94339)
          ...
      </failure>
    </testcase>
  </testsuite>
  <testsuite tests="1" failures="1" errors="0" name="engine » Sync">
    <testcase name="#203 engine » Sync">
      <failure>
          ---
            name: AssertionError
            message: Error thrown in test
            values: {"Error thrown in test:":"TypeError {\n  message: 'window.ReactDOM.render is not a function',\n}"}
            at: Object.exports.render.flowKey [as render] (dist_test/js/services/engine.js:1:94339)
          ...
      </failure>
    </testcase>
  </testsuite>
  <testsuite tests="1" failures="1" errors="0" name="engine » Return To Parent">
    <testcase name="#204 engine » Return To Parent">
      <failure>
          ---
            name: AssertionError
            message: Error thrown in test
            values: {"Error thrown in test:":"TypeError {\n  message: 'window.ReactDOM.render is not a function',\n}"}
            at: Object.exports.render.flowKey [as render] (dist_test/js/services/engine.js:1:94339)
          ...
      </failure>
    </testcase>
  </testsuite>
  <testsuite tests="1" failures="0" errors="0" name="engine » Flow Out">
    <testcase name="#205 engine » Flow Out"/>
  </testsuite>
  <testsuite tests="1" failures="1" errors="0" name="engine » afterEach for Flow Out">
    <testcase name="#206 engine » afterEach for Flow Out">
      <failure>
          ---
            name: AssertionError
            message: Error thrown in test
            values: {"Error thrown in test:":"TypeError {\n  message: 'Engine.render.resetHistory is not a function',\n}"}
            at: Test.ava_1.default.afterEach.t [as fn] (dist_test/test/engine.js:1:46053)
          ...
      </failure>
    </testcase>
  </testsuite>
  <testsuite tests="1" skipped="1" failures="0" errors="0" name="engine » Move">
    <testcase name="#207 engine » Move">
      <skipped/>
    </testcase>
  </testsuite>
  <testsuite tests="1" failures="0" errors="0" name="connection » Request">
    <testcase name="#208 connection » Request"/>
  </testsuite>
  <testsuite tests="1" failures="0" errors="0" name="connection » Upload">
    <testcase name="#209 connection » Upload"/>
  </testsuite>
</testsuites>
